     1                                  start:
     2 00000000 B800B8                  mov ax,0xb800
     3 00000003 8ED8                    mov ds,ax   
     4                                  
     5 00000005 C606000041              mov byte [0x00],0x41    ;字符A
     6 0000000A C60601000E              mov byte [0x01],0x0e   ;颜色为红色
     7                                  
     8 0000000F C606020073              mov byte [0x02],'s'
     9 00000014 C60603000E              mov byte [0x03],0x0e
    10                                  
    11 00000019 C606040073              mov byte [0x04],'s'
    12 0000001E C60605000E              mov byte [0x05],0x0e
    13                                  
    14 00000023 C606060065              mov byte [0x06],'e'
    15 00000028 C60607000E              mov byte [0x07],0x0e
    16                                  
    17 0000002D C60608006D              mov byte [0x08],'m'
    18 00000032 C60609000E              mov byte [0x09],0x0e
    19                                  
    20 00000037 C6060A0062              mov byte [0x0a],'b'
    21 0000003C C6060B000E              mov byte [0x0b],0x0e     
    22                                  
    23 00000041 C6060C006C              mov byte [0x0c],'l'
    24 00000046 C6060D000E              mov byte [0x0d],0x0e
    25                                  
    26 0000004B C6060E0079              mov byte [0x0e],'y'
    27 00000050 C6060F000E              mov byte [0x0f],0x0e      
    28                                  
    29 00000055 C60610002E              mov byte [0x10],'.'
    30 0000005A C60611000E              mov byte [0x11],0x0e    
    31                                  again:
    32 0000005F EBFE                       jmp again   
    33                                  current:
    34 00000061 00<rep 19Dh>            times 510-(current-start) db 0
    35                                  ;db 510-(0x5f) dup(0)
    36 000001FE 55AA                    db 0x55,0xaa
